2024-09-30 17:51:17,561 [Worker-5: Loading available Gradle versions] INFO  o.e.b.c.i.u.g.PublishedGradleVersions - Gradle version information cache is up-to-date. Trying to read.
2024-09-30 17:57:03,552 [Worker-1: Loading available Gradle versions] INFO  o.e.b.c.i.u.g.PublishedGradleVersions - Gradle version information cache is up-to-date. Trying to read.
2024-10-02 09:40:57,780 [Worker-4: Loading available Gradle versions] INFO  o.e.b.c.i.u.g.PublishedGradleVersions - Gradle version information cache is up-to-date. Trying to read.
2024-10-02 10:10:03,249 [Worker-6: Loading available Gradle versions] INFO  o.e.b.c.i.u.g.PublishedGradleVersions - Gradle version information cache is up-to-date. Trying to read.
2024-10-02 10:16:18,500 [Worker-1: Loading available Gradle versions] INFO  o.e.b.c.i.u.g.PublishedGradleVersions - Gradle version information cache is up-to-date. Trying to read.
2024-10-04 17:18:39,849 [Worker-5: Loading available Gradle versions] INFO  o.e.b.c.i.u.g.PublishedGradleVersions - Gradle version information cache is out-of-date. Trying to update.
2024-10-04 18:16:08,531 [Worker-8: Loading available Gradle versions] INFO  o.e.b.c.i.u.g.PublishedGradleVersions - Gradle version information cache is up-to-date. Trying to read.
2024-10-09 16:52:22,888 [Worker-1: Loading available Gradle versions] INFO  o.e.b.c.i.u.g.PublishedGradleVersions - Gradle version information cache is up-to-date. Trying to read.
2024-10-09 18:57:30,740 [Worker-5: Loading available Gradle versions] INFO  o.e.b.c.i.u.g.PublishedGradleVersions - Gradle version information cache is up-to-date. Trying to read.
2024-10-14 18:22:10,607 [Worker-2: Loading available Gradle versions] INFO  o.e.b.c.i.u.g.PublishedGradleVersions - Gradle version information cache is up-to-date. Trying to read.
2024-10-16 17:05:32,065 [Worker-4: Loading available Gradle versions] INFO  o.e.b.c.i.u.g.PublishedGradleVersions - Gradle version information cache is up-to-date. Trying to read.
2024-10-18 17:16:14,862 [Worker-5: Loading available Gradle versions] INFO  o.e.b.c.i.u.g.PublishedGradleVersions - Gradle version information cache is out-of-date. Trying to update.
2024-10-21 17:13:45,802 [Worker-0: Loading available Gradle versions] INFO  o.e.b.c.i.u.g.PublishedGradleVersions - Gradle version information cache is up-to-date. Trying to read.
2024-10-23 17:15:22,275 [Worker-3: Loading available Gradle versions] INFO  o.e.b.c.i.u.g.PublishedGradleVersions - Gradle version information cache is up-to-date. Trying to read.
2024-10-25 17:24:47,170 [Worker-4: Loading available Gradle versions] INFO  o.e.b.c.i.u.g.PublishedGradleVersions - Gradle version information cache is out-of-date. Trying to update.
2024-11-08 17:27:58,371 [Worker-1: Loading available Gradle versions] INFO  o.e.b.c.i.u.g.PublishedGradleVersions - Gradle version information cache is out-of-date. Trying to update.
2024-11-11 17:12:21,864 [Worker-8: Loading available Gradle versions] INFO  o.e.b.c.i.u.g.PublishedGradleVersions - Gradle version information cache is up-to-date. Trying to read.
2024-11-13 17:14:28,319 [Worker-3: Loading available Gradle versions] INFO  o.e.b.c.i.u.g.PublishedGradleVersions - Gradle version information cache is up-to-date. Trying to read.
2024-11-15 17:26:24,255 [Worker-6: Loading available Gradle versions] INFO  o.e.b.c.i.u.g.PublishedGradleVersions - Gradle version information cache is out-of-date. Trying to update.
2024-11-18 17:15:31,614 [Worker-1: Loading available Gradle versions] INFO  o.e.b.c.i.u.g.PublishedGradleVersions - Gradle version information cache is out-of-date. Trying to update.
2024-11-20 17:17:31,395 [Worker-6: Loading available Gradle versions] INFO  o.e.b.c.i.u.g.PublishedGradleVersions - Gradle version information cache is up-to-date. Trying to read.
2024-11-22 16:56:20,030 [Worker-0: Loading available Gradle versions] INFO  o.e.b.c.i.u.g.PublishedGradleVersions - Gradle version information cache is up-to-date. Trying to read.
2024-11-27 16:58:02,394 [Worker-3: Loading available Gradle versions] INFO  o.e.b.c.i.u.g.PublishedGradleVersions - Gradle version information cache is up-to-date. Trying to read.
2024-11-28 17:39:22,328 [Worker-4: Loading available Gradle versions] INFO  o.e.b.c.i.u.g.PublishedGradleVersions - Gradle version information cache is up-to-date. Trying to read.
2024-11-29 17:10:29,154 [Worker-0: Loading available Gradle versions] INFO  o.e.b.c.i.u.g.PublishedGradleVersions - Gradle version information cache is out-of-date. Trying to update.
2024-12-04 17:13:40,651 [Worker-0: Loading available Gradle versions] INFO  o.e.b.c.i.u.g.PublishedGradleVersions - Gradle version information cache is out-of-date. Trying to update.
2024-12-11 17:05:44,558 [Worker-2: Loading available Gradle versions] INFO  o.e.b.c.i.u.g.PublishedGradleVersions - Gradle version information cache is up-to-date. Trying to read.
2024-12-13 17:14:16,275 [Worker-2: Loading available Gradle versions] INFO  o.e.b.c.i.u.g.PublishedGradleVersions - Gradle version information cache is up-to-date. Trying to read.
2024-12-17 17:53:21,198 [Worker-9: Loading available Gradle versions] INFO  o.e.b.c.i.u.g.PublishedGradleVersions - Gradle version information cache is out-of-date. Trying to update.
2024-12-18 12:55:25,440 [Worker-6: Loading available Gradle versions] INFO  o.e.b.c.i.u.g.PublishedGradleVersions - Gradle version information cache is up-to-date. Trying to read.
2024-12-20 17:09:58,521 [Worker-5: Loading available Gradle versions] INFO  o.e.b.c.i.u.g.PublishedGradleVersions - Gradle version information cache is out-of-date. Trying to update.
2024-12-25 16:54:03,061 [Worker-7: Loading available Gradle versions] INFO  o.e.b.c.i.u.g.PublishedGradleVersions - Gradle version information cache is up-to-date. Trying to read.
2024-12-27 16:25:45,875 [Worker-5: Loading available Gradle versions] INFO  o.e.b.c.i.u.g.PublishedGradleVersions - Gradle version information cache is out-of-date. Trying to update.
2025-01-01 16:10:48,741 [Worker-13: Loading available Gradle versions] INFO  o.e.b.c.i.u.g.PublishedGradleVersions - Gradle version information cache is out-of-date. Trying to update.
2025-01-01 16:50:32,744 [Worker-32: Launching mavenrun-a81bba03-40c7-42e3-a439-56cb33491a26] INFO  o.eclipse.m2e.core.internal.Bundles - getClasspathEntries(Bundle=org.eclipse.m2e.maven.runtime_3.9.900.20240824-1409 [640])
2025-01-01 16:50:32,749 [Worker-32: Launching mavenrun-a81bba03-40c7-42e3-a439-56cb33491a26] INFO  o.eclipse.m2e.core.internal.Bundles - 	Entry: C:\Users\jay-pc\.p2\pool\plugins\org.eclipse.m2e.maven.runtime_3.9.900.20240824-1409
2025-01-01 16:50:32,750 [Worker-32: Launching mavenrun-a81bba03-40c7-42e3-a439-56cb33491a26] INFO  o.eclipse.m2e.core.internal.Bundles - 	Entry: C:\Users\jay-pc\.p2\pool\plugins\org.eclipse.m2e.maven.runtime_3.9.900.20240824-1409\jars\aopalliance-1.0.jar
2025-01-01 16:50:32,750 [Worker-32: Launching mavenrun-a81bba03-40c7-42e3-a439-56cb33491a26] INFO  o.eclipse.m2e.core.internal.Bundles - 	Entry: C:\Users\jay-pc\.p2\pool\plugins\org.eclipse.m2e.maven.runtime_3.9.900.20240824-1409\jars\guice-5.1.0.jar
2025-01-01 16:50:32,750 [Worker-32: Launching mavenrun-a81bba03-40c7-42e3-a439-56cb33491a26] INFO  o.eclipse.m2e.core.internal.Bundles - 	Entry: C:\Users\jay-pc\.p2\pool\plugins\org.eclipse.m2e.maven.runtime_3.9.900.20240824-1409\jars\httpclient-4.5.14.jar
2025-01-01 16:50:32,750 [Worker-32: Launching mavenrun-a81bba03-40c7-42e3-a439-56cb33491a26] INFO  o.eclipse.m2e.core.internal.Bundles - 	Entry: C:\Users\jay-pc\.p2\pool\plugins\org.eclipse.m2e.maven.runtime_3.9.900.20240824-1409\jars\httpcore-4.4.16.jar
2025-01-01 16:50:32,750 [Worker-32: Launching mavenrun-a81bba03-40c7-42e3-a439-56cb33491a26] INFO  o.eclipse.m2e.core.internal.Bundles - 	Entry: C:\Users\jay-pc\.p2\pool\plugins\org.eclipse.m2e.maven.runtime_3.9.900.20240824-1409\jars\jansi-2.4.1.jar
2025-01-01 16:50:32,751 [Worker-32: Launching mavenrun-a81bba03-40c7-42e3-a439-56cb33491a26] INFO  o.eclipse.m2e.core.internal.Bundles - 	Entry: C:\Users\jay-pc\.p2\pool\plugins\org.eclipse.m2e.maven.runtime_3.9.900.20240824-1409\jars\jcl-over-slf4j-1.7.36.jar
2025-01-01 16:50:32,751 [Worker-32: Launching mavenrun-a81bba03-40c7-42e3-a439-56cb33491a26] INFO  o.eclipse.m2e.core.internal.Bundles - 	Entry: C:\Users\jay-pc\.p2\pool\plugins\org.eclipse.m2e.maven.runtime_3.9.900.20240824-1409\jars\maven-artifact-3.9.9.jar
2025-01-01 16:50:32,751 [Worker-32: Launching mavenrun-a81bba03-40c7-42e3-a439-56cb33491a26] INFO  o.eclipse.m2e.core.internal.Bundles - 	Entry: C:\Users\jay-pc\.p2\pool\plugins\org.eclipse.m2e.maven.runtime_3.9.900.20240824-1409\jars\maven-builder-support-3.9.9.jar
2025-01-01 16:50:32,751 [Worker-32: Launching mavenrun-a81bba03-40c7-42e3-a439-56cb33491a26] INFO  o.eclipse.m2e.core.internal.Bundles - 	Entry: C:\Users\jay-pc\.p2\pool\plugins\org.eclipse.m2e.maven.runtime_3.9.900.20240824-1409\jars\maven-compat-3.9.9.jar
2025-01-01 16:50:32,752 [Worker-32: Launching mavenrun-a81bba03-40c7-42e3-a439-56cb33491a26] INFO  o.eclipse.m2e.core.internal.Bundles - 	Entry: C:\Users\jay-pc\.p2\pool\plugins\org.eclipse.m2e.maven.runtime_3.9.900.20240824-1409\jars\maven-core-3.9.9.jar
2025-01-01 16:50:32,752 [Worker-32: Launching mavenrun-a81bba03-40c7-42e3-a439-56cb33491a26] INFO  o.eclipse.m2e.core.internal.Bundles - 	Entry: C:\Users\jay-pc\.p2\pool\plugins\org.eclipse.m2e.maven.runtime_3.9.900.20240824-1409\jars\maven-embedder-3.9.9.jar
2025-01-01 16:50:32,752 [Worker-32: Launching mavenrun-a81bba03-40c7-42e3-a439-56cb33491a26] INFO  o.eclipse.m2e.core.internal.Bundles - 	Entry: C:\Users\jay-pc\.p2\pool\plugins\org.eclipse.m2e.maven.runtime_3.9.900.20240824-1409\jars\maven-model-3.9.9.jar
2025-01-01 16:50:32,752 [Worker-32: Launching mavenrun-a81bba03-40c7-42e3-a439-56cb33491a26] INFO  o.eclipse.m2e.core.internal.Bundles - 	Entry: C:\Users\jay-pc\.p2\pool\plugins\org.eclipse.m2e.maven.runtime_3.9.900.20240824-1409\jars\maven-model-builder-3.9.9.jar
2025-01-01 16:50:32,753 [Worker-32: Launching mavenrun-a81bba03-40c7-42e3-a439-56cb33491a26] INFO  o.eclipse.m2e.core.internal.Bundles - 	Entry: C:\Users\jay-pc\.p2\pool\plugins\org.eclipse.m2e.maven.runtime_3.9.900.20240824-1409\jars\maven-plugin-api-3.9.9.jar
2025-01-01 16:50:32,753 [Worker-32: Launching mavenrun-a81bba03-40c7-42e3-a439-56cb33491a26] INFO  o.eclipse.m2e.core.internal.Bundles - 	Entry: C:\Users\jay-pc\.p2\pool\plugins\org.eclipse.m2e.maven.runtime_3.9.900.20240824-1409\jars\maven-repository-metadata-3.9.9.jar
2025-01-01 16:50:32,753 [Worker-32: Launching mavenrun-a81bba03-40c7-42e3-a439-56cb33491a26] INFO  o.eclipse.m2e.core.internal.Bundles - 	Entry: C:\Users\jay-pc\.p2\pool\plugins\org.eclipse.m2e.maven.runtime_3.9.900.20240824-1409\jars\maven-resolver-api-1.9.22.jar
2025-01-01 16:50:32,753 [Worker-32: Launching mavenrun-a81bba03-40c7-42e3-a439-56cb33491a26] INFO  o.eclipse.m2e.core.internal.Bundles - 	Entry: C:\Users\jay-pc\.p2\pool\plugins\org.eclipse.m2e.maven.runtime_3.9.900.20240824-1409\jars\maven-resolver-connector-basic-1.9.22.jar
2025-01-01 16:50:32,754 [Worker-32: Launching mavenrun-a81bba03-40c7-42e3-a439-56cb33491a26] INFO  o.eclipse.m2e.core.internal.Bundles - 	Entry: C:\Users\jay-pc\.p2\pool\plugins\org.eclipse.m2e.maven.runtime_3.9.900.20240824-1409\jars\maven-resolver-impl-1.9.22.jar
2025-01-01 16:50:32,754 [Worker-32: Launching mavenrun-a81bba03-40c7-42e3-a439-56cb33491a26] INFO  o.eclipse.m2e.core.internal.Bundles - 	Entry: C:\Users\jay-pc\.p2\pool\plugins\org.eclipse.m2e.maven.runtime_3.9.900.20240824-1409\jars\maven-resolver-named-locks-1.9.22.jar
2025-01-01 16:50:32,754 [Worker-32: Launching mavenrun-a81bba03-40c7-42e3-a439-56cb33491a26] INFO  o.eclipse.m2e.core.internal.Bundles - 	Entry: C:\Users\jay-pc\.p2\pool\plugins\org.eclipse.m2e.maven.runtime_3.9.900.20240824-1409\jars\maven-resolver-provider-3.9.9.jar
2025-01-01 16:50:32,754 [Worker-32: Launching mavenrun-a81bba03-40c7-42e3-a439-56cb33491a26] INFO  o.eclipse.m2e.core.internal.Bundles - 	Entry: C:\Users\jay-pc\.p2\pool\plugins\org.eclipse.m2e.maven.runtime_3.9.900.20240824-1409\jars\maven-resolver-spi-1.9.22.jar
2025-01-01 16:50:32,755 [Worker-32: Launching mavenrun-a81bba03-40c7-42e3-a439-56cb33491a26] INFO  o.eclipse.m2e.core.internal.Bundles - 	Entry: C:\Users\jay-pc\.p2\pool\plugins\org.eclipse.m2e.maven.runtime_3.9.900.20240824-1409\jars\maven-resolver-transport-file-1.9.22.jar
2025-01-01 16:50:32,755 [Worker-32: Launching mavenrun-a81bba03-40c7-42e3-a439-56cb33491a26] INFO  o.eclipse.m2e.core.internal.Bundles - 	Entry: C:\Users\jay-pc\.p2\pool\plugins\org.eclipse.m2e.maven.runtime_3.9.900.20240824-1409\jars\maven-resolver-transport-http-1.9.22.jar
2025-01-01 16:50:32,755 [Worker-32: Launching mavenrun-a81bba03-40c7-42e3-a439-56cb33491a26] INFO  o.eclipse.m2e.core.internal.Bundles - 	Entry: C:\Users\jay-pc\.p2\pool\plugins\org.eclipse.m2e.maven.runtime_3.9.900.20240824-1409\jars\maven-resolver-transport-wagon-1.9.22.jar
2025-01-01 16:50:32,756 [Worker-32: Launching mavenrun-a81bba03-40c7-42e3-a439-56cb33491a26] INFO  o.eclipse.m2e.core.internal.Bundles - 	Entry: C:\Users\jay-pc\.p2\pool\plugins\org.eclipse.m2e.maven.runtime_3.9.900.20240824-1409\jars\maven-resolver-util-1.9.22.jar
2025-01-01 16:50:32,756 [Worker-32: Launching mavenrun-a81bba03-40c7-42e3-a439-56cb33491a26] INFO  o.eclipse.m2e.core.internal.Bundles - 	Entry: C:\Users\jay-pc\.p2\pool\plugins\org.eclipse.m2e.maven.runtime_3.9.900.20240824-1409\jars\maven-settings-3.9.9.jar
2025-01-01 16:50:32,756 [Worker-32: Launching mavenrun-a81bba03-40c7-42e3-a439-56cb33491a26] INFO  o.eclipse.m2e.core.internal.Bundles - 	Entry: C:\Users\jay-pc\.p2\pool\plugins\org.eclipse.m2e.maven.runtime_3.9.900.20240824-1409\jars\maven-settings-builder-3.9.9.jar
2025-01-01 16:50:32,757 [Worker-32: Launching mavenrun-a81bba03-40c7-42e3-a439-56cb33491a26] INFO  o.eclipse.m2e.core.internal.Bundles - 	Entry: C:\Users\jay-pc\.p2\pool\plugins\org.eclipse.m2e.maven.runtime_3.9.900.20240824-1409\jars\maven-shared-utils-3.4.2.jar
2025-01-01 16:50:32,757 [Worker-32: Launching mavenrun-a81bba03-40c7-42e3-a439-56cb33491a26] INFO  o.eclipse.m2e.core.internal.Bundles - 	Entry: C:\Users\jay-pc\.p2\pool\plugins\org.eclipse.m2e.maven.runtime_3.9.900.20240824-1409\jars\org.eclipse.sisu.inject-0.9.0.M3.jar
2025-01-01 16:50:32,758 [Worker-32: Launching mavenrun-a81bba03-40c7-42e3-a439-56cb33491a26] INFO  o.eclipse.m2e.core.internal.Bundles - 	Entry: C:\Users\jay-pc\.p2\pool\plugins\org.eclipse.m2e.maven.runtime_3.9.900.20240824-1409\jars\org.eclipse.sisu.plexus-0.9.0.M3.jar
2025-01-01 16:50:32,758 [Worker-32: Launching mavenrun-a81bba03-40c7-42e3-a439-56cb33491a26] INFO  o.eclipse.m2e.core.internal.Bundles - 	Entry: C:\Users\jay-pc\.p2\pool\plugins\org.eclipse.m2e.maven.runtime_3.9.900.20240824-1409\jars\plexus-build-api-0.0.7.jar
2025-01-01 16:50:32,759 [Worker-32: Launching mavenrun-a81bba03-40c7-42e3-a439-56cb33491a26] INFO  o.eclipse.m2e.core.internal.Bundles - 	Entry: C:\Users\jay-pc\.p2\pool\plugins\org.eclipse.m2e.maven.runtime_3.9.900.20240824-1409\jars\plexus-build-api-1.2.0.jar
2025-01-01 16:50:32,759 [Worker-32: Launching mavenrun-a81bba03-40c7-42e3-a439-56cb33491a26] INFO  o.eclipse.m2e.core.internal.Bundles - 	Entry: C:\Users\jay-pc\.p2\pool\plugins\org.eclipse.m2e.maven.runtime_3.9.900.20240824-1409\jars\plexus-cipher-2.0.jar
2025-01-01 16:50:32,759 [Worker-32: Launching mavenrun-a81bba03-40c7-42e3-a439-56cb33491a26] INFO  o.eclipse.m2e.core.internal.Bundles - 	Entry: C:\Users\jay-pc\.p2\pool\plugins\org.eclipse.m2e.maven.runtime_3.9.900.20240824-1409\jars\plexus-classworlds-2.8.0.jar
2025-01-01 16:50:32,759 [Worker-32: Launching mavenrun-a81bba03-40c7-42e3-a439-56cb33491a26] INFO  o.eclipse.m2e.core.internal.Bundles - 	Entry: C:\Users\jay-pc\.p2\pool\plugins\org.eclipse.m2e.maven.runtime_3.9.900.20240824-1409\jars\plexus-component-annotations-2.1.0.jar
2025-01-01 16:50:32,760 [Worker-32: Launching mavenrun-a81bba03-40c7-42e3-a439-56cb33491a26] INFO  o.eclipse.m2e.core.internal.Bundles - 	Entry: C:\Users\jay-pc\.p2\pool\plugins\org.eclipse.m2e.maven.runtime_3.9.900.20240824-1409\jars\plexus-interpolation-1.27.jar
2025-01-01 16:50:32,760 [Worker-32: Launching mavenrun-a81bba03-40c7-42e3-a439-56cb33491a26] INFO  o.eclipse.m2e.core.internal.Bundles - 	Entry: C:\Users\jay-pc\.p2\pool\plugins\org.eclipse.m2e.maven.runtime_3.9.900.20240824-1409\jars\plexus-sec-dispatcher-2.0.jar
2025-01-01 16:50:32,760 [Worker-32: Launching mavenrun-a81bba03-40c7-42e3-a439-56cb33491a26] INFO  o.eclipse.m2e.core.internal.Bundles - 	Entry: C:\Users\jay-pc\.p2\pool\plugins\org.eclipse.m2e.maven.runtime_3.9.900.20240824-1409\jars\plexus-utils-3.5.1.jar
2025-01-01 16:50:32,760 [Worker-32: Launching mavenrun-a81bba03-40c7-42e3-a439-56cb33491a26] INFO  o.eclipse.m2e.core.internal.Bundles - 	Entry: C:\Users\jay-pc\.p2\pool\plugins\org.eclipse.m2e.maven.runtime_3.9.900.20240824-1409\jars\plexus-xml-3.0.1.jar
2025-01-01 16:50:32,761 [Worker-32: Launching mavenrun-a81bba03-40c7-42e3-a439-56cb33491a26] INFO  o.eclipse.m2e.core.internal.Bundles - 	Entry: C:\Users\jay-pc\.p2\pool\plugins\org.eclipse.m2e.maven.runtime_3.9.900.20240824-1409\jars\wagon-file-3.5.3.jar
2025-01-01 16:50:32,761 [Worker-32: Launching mavenrun-a81bba03-40c7-42e3-a439-56cb33491a26] INFO  o.eclipse.m2e.core.internal.Bundles - 	Entry: C:\Users\jay-pc\.p2\pool\plugins\org.eclipse.m2e.maven.runtime_3.9.900.20240824-1409\jars\wagon-http-3.5.3.jar
2025-01-01 16:50:32,761 [Worker-32: Launching mavenrun-a81bba03-40c7-42e3-a439-56cb33491a26] INFO  o.eclipse.m2e.core.internal.Bundles - 	Entry: C:\Users\jay-pc\.p2\pool\plugins\org.eclipse.m2e.maven.runtime_3.9.900.20240824-1409\jars\wagon-http-shared-3.5.3.jar
2025-01-01 16:50:32,761 [Worker-32: Launching mavenrun-a81bba03-40c7-42e3-a439-56cb33491a26] INFO  o.eclipse.m2e.core.internal.Bundles - 	Entry: C:\Users\jay-pc\.p2\pool\plugins\org.eclipse.m2e.maven.runtime_3.9.900.20240824-1409\jars\wagon-provider-api-3.5.3.jar
2025-01-01 16:50:32,764 [Worker-32: Launching mavenrun-a81bba03-40c7-42e3-a439-56cb33491a26] INFO  o.eclipse.m2e.core.internal.Bundles - getClasspathEntries(Bundle=com.google.guava_33.3.0.jre [16])
2025-01-01 16:50:32,765 [Worker-32: Launching mavenrun-a81bba03-40c7-42e3-a439-56cb33491a26] INFO  o.eclipse.m2e.core.internal.Bundles - 	Entry: C:\Users\jay-pc\.p2\pool\plugins\com.google.guava_33.3.0.jre.jar
2025-01-01 16:50:32,765 [Worker-32: Launching mavenrun-a81bba03-40c7-42e3-a439-56cb33491a26] INFO  o.eclipse.m2e.core.internal.Bundles - getClasspathEntries(Bundle=slf4j.api_2.0.16 [1005])
2025-01-01 16:50:32,765 [Worker-32: Launching mavenrun-a81bba03-40c7-42e3-a439-56cb33491a26] INFO  o.eclipse.m2e.core.internal.Bundles - 	Entry: C:\Users\jay-pc\.p2\pool\plugins\slf4j.api_2.0.16.jar
2025-01-01 16:50:32,766 [Worker-32: Launching mavenrun-a81bba03-40c7-42e3-a439-56cb33491a26] INFO  o.eclipse.m2e.core.internal.Bundles - getClasspathEntries(Bundle=javax.inject_1.0.0.v20091030 [1059])
2025-01-01 16:50:32,767 [Worker-32: Launching mavenrun-a81bba03-40c7-42e3-a439-56cb33491a26] INFO  o.eclipse.m2e.core.internal.Bundles - 	Entry: C:\Users\jay-pc\.p2\pool\plugins\javax.inject_1.0.0.v20091030.jar
2025-01-01 16:50:32,767 [Worker-32: Launching mavenrun-a81bba03-40c7-42e3-a439-56cb33491a26] INFO  o.eclipse.m2e.core.internal.Bundles - getClasspathEntries(Bundle=javax.annotation_1.3.5.v20200909-1856 [1058])
2025-01-01 16:50:32,768 [Worker-32: Launching mavenrun-a81bba03-40c7-42e3-a439-56cb33491a26] INFO  o.eclipse.m2e.core.internal.Bundles - 	Entry: C:\Users\jay-pc\.p2\pool\plugins\javax.annotation_1.3.5.v20200909-1856.jar
2025-01-01 16:50:32,768 [Worker-32: Launching mavenrun-a81bba03-40c7-42e3-a439-56cb33491a26] INFO  o.eclipse.m2e.core.internal.Bundles - getClasspathEntries(Bundle=org.apache.commons.cli_1.9.0 [78])
2025-01-01 16:50:32,768 [Worker-32: Launching mavenrun-a81bba03-40c7-42e3-a439-56cb33491a26] INFO  o.eclipse.m2e.core.internal.Bundles - 	Entry: C:\Users\jay-pc\.p2\pool\plugins\org.apache.commons.cli_1.9.0.jar
2025-01-01 16:50:32,768 [Worker-32: Launching mavenrun-a81bba03-40c7-42e3-a439-56cb33491a26] INFO  o.eclipse.m2e.core.internal.Bundles - getClasspathEntries(Bundle=org.apache.commons.commons-codec_1.16.0 [81])
2025-01-01 16:50:32,769 [Worker-32: Launching mavenrun-a81bba03-40c7-42e3-a439-56cb33491a26] INFO  o.eclipse.m2e.core.internal.Bundles - 	Entry: C:\Users\jay-pc\.p2\pool\plugins\org.apache.commons.commons-codec_1.16.0.jar
2025-01-01 16:50:32,769 [Worker-32: Launching mavenrun-a81bba03-40c7-42e3-a439-56cb33491a26] INFO  o.eclipse.m2e.core.internal.Bundles - getClasspathEntries(Bundle=com.google.guava.failureaccess_1.0.2 [17])
2025-01-01 16:50:32,769 [Worker-32: Launching mavenrun-a81bba03-40c7-42e3-a439-56cb33491a26] INFO  o.eclipse.m2e.core.internal.Bundles - 	Entry: C:\Users\jay-pc\.p2\pool\plugins\com.google.guava.failureaccess_1.0.2.jar
2025-01-01 16:50:32,774 [Worker-32: Launching mavenrun-a81bba03-40c7-42e3-a439-56cb33491a26] INFO  o.e.m.i.launch.MavenLaunchDelegate - Run build in "C:\Users\jay-pc\AppData\Local\Temp\m2e-archetypeGenerator12943928674355072199":
2025-01-01 16:50:32,778 [Worker-32: Launching mavenrun-a81bba03-40c7-42e3-a439-56cb33491a26] INFO  o.e.m.i.launch.MavenLaunchDelegate -  mvn  -DarchetypeGroupId=org.apache.maven.archetypes -DarchetypeArtifactId=maven-archetype-quickstart -DarchetypeVersion=1.1 -DgroupId=com.hibernate -DartifactId=HibernateCore -Dversion=0.0.1-SNAPSHOT -Dpackage=com.hibernate -DoutputDirectory="C:\Users\jay-pc\JAVA MWF 5-00 to 6-00" -Dstyle.color=always -U archetype:generate
2025-01-01 16:50:56,445 [Worker-33: Creating maven-archetype-quickstart] INFO  o.e.m.c.i.p.ProjectConfigurationManager - Collecting project info '/pom.xml' C:\Users\jay-pc\JAVA MWF 5-00 to 6-00\HibernateCore\pom.xml
2025-01-01 16:50:57,917 [Worker-33: Creating maven-archetype-quickstart] INFO  o.e.m.c.i.l.LifecycleMappingFactory - Using org.eclipse.m2e.jdt.JarLifecycleMapping lifecycle mapping for MavenProject: com.hibernate:HibernateCore:0.0.1-SNAPSHOT @ C:\Users\jay-pc\JAVA MWF 5-00 to 6-00\HibernateCore\pom.xml.
2025-01-01 16:50:58,758 [Worker-33: Creating maven-archetype-quickstart] INFO  o.e.m.j.i.AbstractJavaProjectConfigurator - Adding source folder /HibernateCore/src/main/java
2025-01-01 16:50:58,760 [Worker-33: Creating maven-archetype-quickstart] INFO  o.e.m.j.i.AbstractJavaProjectConfigurator - Adding resource folder /HibernateCore/src/main/resources
2025-01-01 16:50:58,764 [Worker-33: Creating maven-archetype-quickstart] INFO  o.e.m.j.i.AbstractJavaProjectConfigurator - Adding source folder /HibernateCore/src/test/java
2025-01-01 16:50:58,765 [Worker-33: Creating maven-archetype-quickstart] INFO  o.e.m.j.i.AbstractJavaProjectConfigurator - Adding resource folder /HibernateCore/src/test/resources
2025-01-01 16:50:58,889 [Worker-33: Creating maven-archetype-quickstart] INFO  o.e.m.c.i.p.ProjectConfigurationManager - Imported and configured 1 project(s) in 2 sec
2025-01-01 16:50:59,390 [Worker-36: Building] INFO  o.a.m.s.f.DefaultMavenResourcesFiltering - skip non existing resourceDirectory C:\Users\jay-pc\JAVA MWF 5-00 to 6-00\HibernateCore\src\main\resources
2025-01-01 16:50:59,395 [Worker-36: Building] INFO  o.a.m.s.f.DefaultMavenResourcesFiltering - skip non existing resourceDirectory C:\Users\jay-pc\JAVA MWF 5-00 to 6-00\HibernateCore\src\test\resources
2025-01-01 16:53:18,200 [Worker-39: Building] INFO  o.e.m.c.i.l.LifecycleMappingFactory - Using org.eclipse.m2e.jdt.JarLifecycleMapping lifecycle mapping for MavenProject: com.hibernate:HibernateCore:0.0.1-SNAPSHOT @ C:\Users\jay-pc\JAVA MWF 5-00 to 6-00\HibernateCore\pom.xml.
2025-01-01 16:53:18,752 [Worker-39: Building] INFO  o.a.m.s.f.DefaultMavenResourcesFiltering - skip non existing resourceDirectory C:\Users\jay-pc\JAVA MWF 5-00 to 6-00\HibernateCore\src\main\resources
2025-01-01 16:53:18,758 [Worker-39: Building] INFO  o.a.m.s.f.DefaultMavenResourcesFiltering - skip non existing resourceDirectory C:\Users\jay-pc\JAVA MWF 5-00 to 6-00\HibernateCore\src\test\resources
2025-01-01 16:53:20,288 [Worker-37: Building] INFO  o.a.m.s.f.DefaultMavenResourcesFiltering - skip non existing resourceDirectory C:\Users\jay-pc\JAVA MWF 5-00 to 6-00\HibernateCore\src\main\resources
2025-01-01 16:53:20,290 [Worker-37: Building] INFO  o.a.m.s.f.DefaultMavenResourcesFiltering - skip non existing resourceDirectory C:\Users\jay-pc\JAVA MWF 5-00 to 6-00\HibernateCore\src\test\resources
2025-01-01 16:54:51,211 [Worker-43: Building] INFO  o.e.m.c.i.l.LifecycleMappingFactory - Using org.eclipse.m2e.jdt.JarLifecycleMapping lifecycle mapping for MavenProject: com.hibernate:HibernateCore:0.0.1-SNAPSHOT @ C:\Users\jay-pc\JAVA MWF 5-00 to 6-00\HibernateCore\pom.xml.
2025-01-01 16:54:51,313 [Worker-43: Building] WARN  o.e.m.c.i.embedder.EclipseLogger - The artifact mysql:mysql-connector-java:jar:8.0.33 has been relocated to com.mysql:mysql-connector-j:jar:8.0.33: MySQL Connector/J artifacts moved to reverse-DNS compliant Maven 2+ coordinates.
2025-01-01 16:54:51,594 [Worker-43: Building] INFO  o.a.m.s.f.DefaultMavenResourcesFiltering - skip non existing resourceDirectory C:\Users\jay-pc\JAVA MWF 5-00 to 6-00\HibernateCore\src\main\resources
2025-01-01 16:54:51,600 [Worker-43: Building] INFO  o.a.m.s.f.DefaultMavenResourcesFiltering - skip non existing resourceDirectory C:\Users\jay-pc\JAVA MWF 5-00 to 6-00\HibernateCore\src\test\resources
2025-01-01 16:54:52,470 [Worker-42: Building] INFO  o.a.m.s.f.DefaultMavenResourcesFiltering - skip non existing resourceDirectory C:\Users\jay-pc\JAVA MWF 5-00 to 6-00\HibernateCore\src\main\resources
2025-01-01 16:54:52,474 [Worker-42: Building] INFO  o.a.m.s.f.DefaultMavenResourcesFiltering - skip non existing resourceDirectory C:\Users\jay-pc\JAVA MWF 5-00 to 6-00\HibernateCore\src\test\resources
2025-01-01 16:55:35,044 [Worker-43: Building] INFO  o.a.m.s.f.DefaultMavenResourcesFiltering - skip non existing resourceDirectory C:\Users\jay-pc\JAVA MWF 5-00 to 6-00\HibernateCore\src\main\resources
2025-01-01 16:55:35,057 [Worker-43: Building] INFO  o.a.m.s.f.DefaultMavenResourcesFiltering - skip non existing resourceDirectory C:\Users\jay-pc\JAVA MWF 5-00 to 6-00\HibernateCore\src\test\resources
2025-01-01 16:55:38,152 [Worker-44: Building] INFO  o.a.m.s.f.DefaultMavenResourcesFiltering - skip non existing resourceDirectory C:\Users\jay-pc\JAVA MWF 5-00 to 6-00\HibernateCore\src\main\resources
2025-01-01 16:55:38,155 [Worker-44: Building] INFO  o.a.m.s.f.DefaultMavenResourcesFiltering - skip non existing resourceDirectory C:\Users\jay-pc\JAVA MWF 5-00 to 6-00\HibernateCore\src\test\resources
2025-01-01 16:56:48,983 [Worker-45: Building] INFO  o.a.m.s.f.DefaultMavenResourcesFiltering - skip non existing resourceDirectory C:\Users\jay-pc\JAVA MWF 5-00 to 6-00\HibernateCore\src\main\resources
2025-01-01 16:56:48,986 [Worker-45: Building] INFO  o.a.m.s.f.DefaultMavenResourcesFiltering - skip non existing resourceDirectory C:\Users\jay-pc\JAVA MWF 5-00 to 6-00\HibernateCore\src\test\resources
2025-01-01 16:57:13,660 [Worker-43: Building] INFO  o.a.m.s.f.DefaultMavenResourcesFiltering - skip non existing resourceDirectory C:\Users\jay-pc\JAVA MWF 5-00 to 6-00\HibernateCore\src\main\resources
2025-01-01 16:57:13,663 [Worker-43: Building] INFO  o.a.m.s.f.DefaultMavenResourcesFiltering - skip non existing resourceDirectory C:\Users\jay-pc\JAVA MWF 5-00 to 6-00\HibernateCore\src\test\resources
2025-01-01 16:58:04,756 [Start Help Server] INFO  org.eclipse.jetty.server.Server - jetty-12.0.12; built: 2024-07-25T21:58:37.668Z; git: cc6f1b74db755fed228b50701ad967aeaa68e83f; jvm 23+37-2369
2025-01-01 16:58:04,821 [Start Help Server] INFO  o.e.j.server.handler.ContextHandler - Started oeje8n.ContextHandler$CoreContextHandler@a1c0200{/help,/help,b=null,a=AVAILABLE,h=oeje8n.ContextHandler$CoreContextHandler$CoreToNestedHandler@72680484{STARTED}}
2025-01-01 16:58:04,822 [Start Help Server] INFO  o.e.j.s.DefaultSessionIdManager - Session workerName=node0
2025-01-01 16:58:04,836 [Start Help Server] INFO  o.e.jetty.server.AbstractConnector - Started ServerConnector@2b3c2fe{HTTP/1.1, (http/1.1)}{127.0.0.1:8324}
2025-01-01 16:58:04,857 [Start Help Server] INFO  org.eclipse.jetty.server.Server - Started oejs.Server@ca51893{STARTING}[12.0.12,sto=0] @2902848ms
2025-01-01 16:58:12,762 [Worker-45: Building] INFO  o.a.m.s.f.DefaultMavenResourcesFiltering - skip non existing resourceDirectory C:\Users\jay-pc\JAVA MWF 5-00 to 6-00\HibernateCore\src\main\resources
2025-01-01 16:58:12,765 [Worker-45: Building] INFO  o.a.m.s.f.DefaultMavenResourcesFiltering - skip non existing resourceDirectory C:\Users\jay-pc\JAVA MWF 5-00 to 6-00\HibernateCore\src\test\resources
2025-01-01 16:59:37,997 [Worker-46: Building] INFO  o.a.m.s.f.DefaultMavenResourcesFiltering - skip non existing resourceDirectory C:\Users\jay-pc\JAVA MWF 5-00 to 6-00\HibernateCore\src\main\resources
2025-01-01 16:59:38,000 [Worker-46: Building] INFO  o.a.m.s.f.DefaultMavenResourcesFiltering - skip non existing resourceDirectory C:\Users\jay-pc\JAVA MWF 5-00 to 6-00\HibernateCore\src\test\resources
2025-01-01 16:59:47,482 [Worker-46: Building] INFO  o.a.m.s.f.DefaultMavenResourcesFiltering - skip non existing resourceDirectory C:\Users\jay-pc\JAVA MWF 5-00 to 6-00\HibernateCore\src\main\resources
2025-01-01 16:59:47,485 [Worker-46: Building] INFO  o.a.m.s.f.DefaultMavenResourcesFiltering - skip non existing resourceDirectory C:\Users\jay-pc\JAVA MWF 5-00 to 6-00\HibernateCore\src\test\resources
2025-01-01 17:01:05,123 [main] INFO  org.hibernate.cfg.Environment - Hibernate 3.5.6-Final
2025-01-01 17:01:05,133 [main] INFO  org.hibernate.cfg.Environment - hibernate.properties not found
2025-01-01 17:01:05,137 [main] INFO  org.hibernate.cfg.Environment - Bytecode provider name : javassist
2025-01-01 17:01:05,144 [main] INFO  org.hibernate.cfg.Environment - using JDK 1.4 java.sql.Timestamp handling
2025-01-01 17:02:52,177 [Worker-46: Building] INFO  o.a.m.s.f.DefaultMavenResourcesFiltering - skip non existing resourceDirectory C:\Users\jay-pc\JAVA MWF 5-00 to 6-00\HibernateCore\src\main\resources
2025-01-01 17:02:52,180 [Worker-46: Building] INFO  o.a.m.s.f.DefaultMavenResourcesFiltering - skip non existing resourceDirectory C:\Users\jay-pc\JAVA MWF 5-00 to 6-00\HibernateCore\src\test\resources
2025-01-01 17:03:14,211 [Worker-52: Building] INFO  o.a.m.s.f.DefaultMavenResourcesFiltering - skip non existing resourceDirectory C:\Users\jay-pc\JAVA MWF 5-00 to 6-00\HibernateCore\src\main\resources
2025-01-01 17:03:14,214 [Worker-52: Building] INFO  o.a.m.s.f.DefaultMavenResourcesFiltering - skip non existing resourceDirectory C:\Users\jay-pc\JAVA MWF 5-00 to 6-00\HibernateCore\src\test\resources
2025-01-01 17:05:22,913 [Worker-53: Building] INFO  o.a.m.s.f.DefaultMavenResourcesFiltering - skip non existing resourceDirectory C:\Users\jay-pc\JAVA MWF 5-00 to 6-00\HibernateCore\src\main\resources
2025-01-01 17:05:22,915 [Worker-53: Building] INFO  o.a.m.s.f.DefaultMavenResourcesFiltering - skip non existing resourceDirectory C:\Users\jay-pc\JAVA MWF 5-00 to 6-00\HibernateCore\src\test\resources
2025-01-01 17:06:15,959 [Worker-53: Building] INFO  o.a.m.s.f.DefaultMavenResourcesFiltering - skip non existing resourceDirectory C:\Users\jay-pc\JAVA MWF 5-00 to 6-00\HibernateCore\src\main\resources
2025-01-01 17:06:15,962 [Worker-53: Building] INFO  o.a.m.s.f.DefaultMavenResourcesFiltering - skip non existing resourceDirectory C:\Users\jay-pc\JAVA MWF 5-00 to 6-00\HibernateCore\src\test\resources
2025-01-01 17:06:30,963 [Worker-51: Building] INFO  o.a.m.s.f.DefaultMavenResourcesFiltering - skip non existing resourceDirectory C:\Users\jay-pc\JAVA MWF 5-00 to 6-00\HibernateCore\src\main\resources
2025-01-01 17:06:30,965 [Worker-51: Building] INFO  o.a.m.s.f.DefaultMavenResourcesFiltering - skip non existing resourceDirectory C:\Users\jay-pc\JAVA MWF 5-00 to 6-00\HibernateCore\src\test\resources
2025-01-01 17:06:34,364 [Worker-51: Building] INFO  o.a.m.s.f.DefaultMavenResourcesFiltering - skip non existing resourceDirectory C:\Users\jay-pc\JAVA MWF 5-00 to 6-00\HibernateCore\src\main\resources
2025-01-01 17:06:34,367 [Worker-51: Building] INFO  o.a.m.s.f.DefaultMavenResourcesFiltering - skip non existing resourceDirectory C:\Users\jay-pc\JAVA MWF 5-00 to 6-00\HibernateCore\src\test\resources
2025-01-01 17:06:55,882 [Worker-54: Building] INFO  o.a.m.s.f.DefaultMavenResourcesFiltering - skip non existing resourceDirectory C:\Users\jay-pc\JAVA MWF 5-00 to 6-00\HibernateCore\src\main\resources
2025-01-01 17:06:55,885 [Worker-54: Building] INFO  o.a.m.s.f.DefaultMavenResourcesFiltering - skip non existing resourceDirectory C:\Users\jay-pc\JAVA MWF 5-00 to 6-00\HibernateCore\src\test\resources
2025-01-01 17:07:23,032 [Worker-51: Building] INFO  o.a.m.s.f.DefaultMavenResourcesFiltering - skip non existing resourceDirectory C:\Users\jay-pc\JAVA MWF 5-00 to 6-00\HibernateCore\src\main\resources
2025-01-01 17:07:23,034 [Worker-51: Building] INFO  o.a.m.s.f.DefaultMavenResourcesFiltering - skip non existing resourceDirectory C:\Users\jay-pc\JAVA MWF 5-00 to 6-00\HibernateCore\src\test\resources
2025-01-01 17:07:25,749 [Worker-55: Building] INFO  o.a.m.s.f.DefaultMavenResourcesFiltering - skip non existing resourceDirectory C:\Users\jay-pc\JAVA MWF 5-00 to 6-00\HibernateCore\src\main\resources
2025-01-01 17:07:25,752 [Worker-55: Building] INFO  o.a.m.s.f.DefaultMavenResourcesFiltering - skip non existing resourceDirectory C:\Users\jay-pc\JAVA MWF 5-00 to 6-00\HibernateCore\src\test\resources
2025-01-01 17:07:55,936 [Worker-53: Building] INFO  o.a.m.s.f.DefaultMavenResourcesFiltering - skip non existing resourceDirectory C:\Users\jay-pc\JAVA MWF 5-00 to 6-00\HibernateCore\src\main\resources
2025-01-01 17:07:55,938 [Worker-53: Building] INFO  o.a.m.s.f.DefaultMavenResourcesFiltering - skip non existing resourceDirectory C:\Users\jay-pc\JAVA MWF 5-00 to 6-00\HibernateCore\src\test\resources
2025-01-01 17:08:57,097 [Worker-51: Building] INFO  o.a.m.s.f.DefaultMavenResourcesFiltering - skip non existing resourceDirectory C:\Users\jay-pc\JAVA MWF 5-00 to 6-00\HibernateCore\src\main\resources
2025-01-01 17:08:57,099 [Worker-51: Building] INFO  o.a.m.s.f.DefaultMavenResourcesFiltering - skip non existing resourceDirectory C:\Users\jay-pc\JAVA MWF 5-00 to 6-00\HibernateCore\src\test\resources
2025-01-01 17:09:40,335 [Worker-54: Building] INFO  o.a.m.s.f.DefaultMavenResourcesFiltering - skip non existing resourceDirectory C:\Users\jay-pc\JAVA MWF 5-00 to 6-00\HibernateCore\src\main\resources
2025-01-01 17:09:40,338 [Worker-54: Building] INFO  o.a.m.s.f.DefaultMavenResourcesFiltering - skip non existing resourceDirectory C:\Users\jay-pc\JAVA MWF 5-00 to 6-00\HibernateCore\src\test\resources
2025-01-01 17:09:43,509 [Worker-56: Building] INFO  o.a.m.s.f.DefaultMavenResourcesFiltering - skip non existing resourceDirectory C:\Users\jay-pc\JAVA MWF 5-00 to 6-00\HibernateCore\src\main\resources
2025-01-01 17:09:43,512 [Worker-56: Building] INFO  o.a.m.s.f.DefaultMavenResourcesFiltering - skip non existing resourceDirectory C:\Users\jay-pc\JAVA MWF 5-00 to 6-00\HibernateCore\src\test\resources
2025-01-01 17:11:47,315 [Worker-54: Building] INFO  o.a.m.s.f.DefaultMavenResourcesFiltering - skip non existing resourceDirectory C:\Users\jay-pc\JAVA MWF 5-00 to 6-00\HibernateCore\src\main\resources
2025-01-01 17:11:47,317 [Worker-54: Building] INFO  o.a.m.s.f.DefaultMavenResourcesFiltering - skip non existing resourceDirectory C:\Users\jay-pc\JAVA MWF 5-00 to 6-00\HibernateCore\src\test\resources
2025-01-01 17:12:02,122 [Worker-54: Building] INFO  o.a.m.s.f.DefaultMavenResourcesFiltering - skip non existing resourceDirectory C:\Users\jay-pc\JAVA MWF 5-00 to 6-00\HibernateCore\src\main\resources
2025-01-01 17:12:02,124 [Worker-54: Building] INFO  o.a.m.s.f.DefaultMavenResourcesFiltering - skip non existing resourceDirectory C:\Users\jay-pc\JAVA MWF 5-00 to 6-00\HibernateCore\src\test\resources
2025-01-01 17:12:30,020 [Worker-53: Building] INFO  o.a.m.s.f.DefaultMavenResourcesFiltering - skip non existing resourceDirectory C:\Users\jay-pc\JAVA MWF 5-00 to 6-00\HibernateCore\src\main\resources
2025-01-01 17:12:30,023 [Worker-53: Building] INFO  o.a.m.s.f.DefaultMavenResourcesFiltering - skip non existing resourceDirectory C:\Users\jay-pc\JAVA MWF 5-00 to 6-00\HibernateCore\src\test\resources
2025-01-01 17:12:50,348 [Worker-46: Building] INFO  o.a.m.s.f.DefaultMavenResourcesFiltering - skip non existing resourceDirectory C:\Users\jay-pc\JAVA MWF 5-00 to 6-00\HibernateCore\src\main\resources
2025-01-01 17:12:50,350 [Worker-46: Building] INFO  o.a.m.s.f.DefaultMavenResourcesFiltering - skip non existing resourceDirectory C:\Users\jay-pc\JAVA MWF 5-00 to 6-00\HibernateCore\src\test\resources
2025-01-01 17:13:06,868 [Worker-57: Building] INFO  o.a.m.s.f.DefaultMavenResourcesFiltering - skip non existing resourceDirectory C:\Users\jay-pc\JAVA MWF 5-00 to 6-00\HibernateCore\src\main\resources
2025-01-01 17:13:06,870 [Worker-57: Building] INFO  o.a.m.s.f.DefaultMavenResourcesFiltering - skip non existing resourceDirectory C:\Users\jay-pc\JAVA MWF 5-00 to 6-00\HibernateCore\src\test\resources
2025-01-01 17:13:10,037 [Worker-54: Building] INFO  o.a.m.s.f.DefaultMavenResourcesFiltering - skip non existing resourceDirectory C:\Users\jay-pc\JAVA MWF 5-00 to 6-00\HibernateCore\src\main\resources
2025-01-01 17:13:10,039 [Worker-54: Building] INFO  o.a.m.s.f.DefaultMavenResourcesFiltering - skip non existing resourceDirectory C:\Users\jay-pc\JAVA MWF 5-00 to 6-00\HibernateCore\src\test\resources
2025-01-01 17:15:33,895 [Worker-58: Building] INFO  o.a.m.s.f.DefaultMavenResourcesFiltering - skip non existing resourceDirectory C:\Users\jay-pc\JAVA MWF 5-00 to 6-00\HibernateCore\src\main\resources
2025-01-01 17:15:33,897 [Worker-58: Building] INFO  o.a.m.s.f.DefaultMavenResourcesFiltering - skip non existing resourceDirectory C:\Users\jay-pc\JAVA MWF 5-00 to 6-00\HibernateCore\src\test\resources
2025-01-01 17:16:28,493 [Worker-46: Building] INFO  o.a.m.s.f.DefaultMavenResourcesFiltering - skip non existing resourceDirectory C:\Users\jay-pc\JAVA MWF 5-00 to 6-00\HibernateCore\src\main\resources
2025-01-01 17:16:28,495 [Worker-46: Building] INFO  o.a.m.s.f.DefaultMavenResourcesFiltering - skip non existing resourceDirectory C:\Users\jay-pc\JAVA MWF 5-00 to 6-00\HibernateCore\src\test\resources
2025-01-01 17:17:14,571 [Worker-51: Building] INFO  o.a.m.s.f.DefaultMavenResourcesFiltering - skip non existing resourceDirectory C:\Users\jay-pc\JAVA MWF 5-00 to 6-00\HibernateCore\src\main\resources
2025-01-01 17:17:14,573 [Worker-51: Building] INFO  o.a.m.s.f.DefaultMavenResourcesFiltering - skip non existing resourceDirectory C:\Users\jay-pc\JAVA MWF 5-00 to 6-00\HibernateCore\src\test\resources
2025-01-01 17:17:35,614 [Worker-46: Building] INFO  o.a.m.s.f.DefaultMavenResourcesFiltering - skip non existing resourceDirectory C:\Users\jay-pc\JAVA MWF 5-00 to 6-00\HibernateCore\src\main\resources
2025-01-01 17:17:35,616 [Worker-46: Building] INFO  o.a.m.s.f.DefaultMavenResourcesFiltering - skip non existing resourceDirectory C:\Users\jay-pc\JAVA MWF 5-00 to 6-00\HibernateCore\src\test\resources
2025-01-01 17:18:09,924 [Worker-58: Building] INFO  o.a.m.s.f.DefaultMavenResourcesFiltering - skip non existing resourceDirectory C:\Users\jay-pc\JAVA MWF 5-00 to 6-00\HibernateCore\src\main\resources
2025-01-01 17:18:09,927 [Worker-58: Building] INFO  o.a.m.s.f.DefaultMavenResourcesFiltering - skip non existing resourceDirectory C:\Users\jay-pc\JAVA MWF 5-00 to 6-00\HibernateCore\src\test\resources
2025-01-01 17:18:18,364 [Worker-58: Building] INFO  o.a.m.s.f.DefaultMavenResourcesFiltering - skip non existing resourceDirectory C:\Users\jay-pc\JAVA MWF 5-00 to 6-00\HibernateCore\src\main\resources
2025-01-01 17:18:18,366 [Worker-58: Building] INFO  o.a.m.s.f.DefaultMavenResourcesFiltering - skip non existing resourceDirectory C:\Users\jay-pc\JAVA MWF 5-00 to 6-00\HibernateCore\src\test\resources
2025-01-01 17:18:27,567 [Worker-59: Building] INFO  o.a.m.s.f.DefaultMavenResourcesFiltering - skip non existing resourceDirectory C:\Users\jay-pc\JAVA MWF 5-00 to 6-00\HibernateCore\src\main\resources
2025-01-01 17:18:27,570 [Worker-59: Building] INFO  o.a.m.s.f.DefaultMavenResourcesFiltering - skip non existing resourceDirectory C:\Users\jay-pc\JAVA MWF 5-00 to 6-00\HibernateCore\src\test\resources
2025-01-01 17:18:47,247 [Worker-60: Building] INFO  o.a.m.s.f.DefaultMavenResourcesFiltering - skip non existing resourceDirectory C:\Users\jay-pc\JAVA MWF 5-00 to 6-00\HibernateCore\src\main\resources
2025-01-01 17:18:47,249 [Worker-60: Building] INFO  o.a.m.s.f.DefaultMavenResourcesFiltering - skip non existing resourceDirectory C:\Users\jay-pc\JAVA MWF 5-00 to 6-00\HibernateCore\src\test\resources
2025-01-01 17:19:00,705 [Worker-51: Building] INFO  o.a.m.s.f.DefaultMavenResourcesFiltering - skip non existing resourceDirectory C:\Users\jay-pc\JAVA MWF 5-00 to 6-00\HibernateCore\src\main\resources
2025-01-01 17:19:00,707 [Worker-51: Building] INFO  o.a.m.s.f.DefaultMavenResourcesFiltering - skip non existing resourceDirectory C:\Users\jay-pc\JAVA MWF 5-00 to 6-00\HibernateCore\src\test\resources
2025-01-01 17:19:31,431 [Worker-59: Building] INFO  o.a.m.s.f.DefaultMavenResourcesFiltering - skip non existing resourceDirectory C:\Users\jay-pc\JAVA MWF 5-00 to 6-00\HibernateCore\src\main\resources
2025-01-01 17:19:31,433 [Worker-59: Building] INFO  o.a.m.s.f.DefaultMavenResourcesFiltering - skip non existing resourceDirectory C:\Users\jay-pc\JAVA MWF 5-00 to 6-00\HibernateCore\src\test\resources
2025-01-01 17:19:40,534 [Worker-51: Building] INFO  o.a.m.s.f.DefaultMavenResourcesFiltering - skip non existing resourceDirectory C:\Users\jay-pc\JAVA MWF 5-00 to 6-00\HibernateCore\src\main\resources
2025-01-01 17:19:40,536 [Worker-51: Building] INFO  o.a.m.s.f.DefaultMavenResourcesFiltering - skip non existing resourceDirectory C:\Users\jay-pc\JAVA MWF 5-00 to 6-00\HibernateCore\src\test\resources
2025-01-01 17:19:42,587 [Worker-60: Building] INFO  o.a.m.s.f.DefaultMavenResourcesFiltering - skip non existing resourceDirectory C:\Users\jay-pc\JAVA MWF 5-00 to 6-00\HibernateCore\src\main\resources
2025-01-01 17:19:42,590 [Worker-60: Building] INFO  o.a.m.s.f.DefaultMavenResourcesFiltering - skip non existing resourceDirectory C:\Users\jay-pc\JAVA MWF 5-00 to 6-00\HibernateCore\src\test\resources
2025-01-01 17:19:57,787 [Worker-60: Building] INFO  o.a.m.s.f.DefaultMavenResourcesFiltering - skip non existing resourceDirectory C:\Users\jay-pc\JAVA MWF 5-00 to 6-00\HibernateCore\src\main\resources
2025-01-01 17:19:57,789 [Worker-60: Building] INFO  o.a.m.s.f.DefaultMavenResourcesFiltering - skip non existing resourceDirectory C:\Users\jay-pc\JAVA MWF 5-00 to 6-00\HibernateCore\src\test\resources
2025-01-01 17:20:31,094 [Worker-58: Building] INFO  o.a.m.s.f.DefaultMavenResourcesFiltering - skip non existing resourceDirectory C:\Users\jay-pc\JAVA MWF 5-00 to 6-00\HibernateCore\src\main\resources
2025-01-01 17:20:31,096 [Worker-58: Building] INFO  o.a.m.s.f.DefaultMavenResourcesFiltering - skip non existing resourceDirectory C:\Users\jay-pc\JAVA MWF 5-00 to 6-00\HibernateCore\src\test\resources
2025-01-01 17:21:12,774 [Worker-62: Building] INFO  o.a.m.s.f.DefaultMavenResourcesFiltering - skip non existing resourceDirectory C:\Users\jay-pc\JAVA MWF 5-00 to 6-00\HibernateCore\src\main\resources
2025-01-01 17:21:12,776 [Worker-62: Building] INFO  o.a.m.s.f.DefaultMavenResourcesFiltering - skip non existing resourceDirectory C:\Users\jay-pc\JAVA MWF 5-00 to 6-00\HibernateCore\src\test\resources
2025-01-01 17:21:18,628 [Worker-46: Building] INFO  o.a.m.s.f.DefaultMavenResourcesFiltering - skip non existing resourceDirectory C:\Users\jay-pc\JAVA MWF 5-00 to 6-00\HibernateCore\src\main\resources
2025-01-01 17:21:18,631 [Worker-46: Building] INFO  o.a.m.s.f.DefaultMavenResourcesFiltering - skip non existing resourceDirectory C:\Users\jay-pc\JAVA MWF 5-00 to 6-00\HibernateCore\src\test\resources
2025-01-01 17:21:24,190 [Worker-46: Building] INFO  o.a.m.s.f.DefaultMavenResourcesFiltering - skip non existing resourceDirectory C:\Users\jay-pc\JAVA MWF 5-00 to 6-00\HibernateCore\src\main\resources
2025-01-01 17:21:24,193 [Worker-46: Building] INFO  o.a.m.s.f.DefaultMavenResourcesFiltering - skip non existing resourceDirectory C:\Users\jay-pc\JAVA MWF 5-00 to 6-00\HibernateCore\src\test\resources
2025-01-01 17:21:46,559 [Worker-59: Building] INFO  o.a.m.s.f.DefaultMavenResourcesFiltering - skip non existing resourceDirectory C:\Users\jay-pc\JAVA MWF 5-00 to 6-00\HibernateCore\src\main\resources
2025-01-01 17:21:46,561 [Worker-59: Building] INFO  o.a.m.s.f.DefaultMavenResourcesFiltering - skip non existing resourceDirectory C:\Users\jay-pc\JAVA MWF 5-00 to 6-00\HibernateCore\src\test\resources
2025-01-01 17:22:03,433 [Worker-51: Building] INFO  o.a.m.s.f.DefaultMavenResourcesFiltering - skip non existing resourceDirectory C:\Users\jay-pc\JAVA MWF 5-00 to 6-00\HibernateCore\src\main\resources
2025-01-01 17:22:03,436 [Worker-51: Building] INFO  o.a.m.s.f.DefaultMavenResourcesFiltering - skip non existing resourceDirectory C:\Users\jay-pc\JAVA MWF 5-00 to 6-00\HibernateCore\src\test\resources
2025-01-01 17:22:06,867 [Worker-60: Building] INFO  o.a.m.s.f.DefaultMavenResourcesFiltering - skip non existing resourceDirectory C:\Users\jay-pc\JAVA MWF 5-00 to 6-00\HibernateCore\src\main\resources
2025-01-01 17:22:06,869 [Worker-60: Building] INFO  o.a.m.s.f.DefaultMavenResourcesFiltering - skip non existing resourceDirectory C:\Users\jay-pc\JAVA MWF 5-00 to 6-00\HibernateCore\src\test\resources
2025-01-01 17:22:21,372 [Worker-62: Building] INFO  o.a.m.s.f.DefaultMavenResourcesFiltering - skip non existing resourceDirectory C:\Users\jay-pc\JAVA MWF 5-00 to 6-00\HibernateCore\src\main\resources
2025-01-01 17:22:21,374 [Worker-62: Building] INFO  o.a.m.s.f.DefaultMavenResourcesFiltering - skip non existing resourceDirectory C:\Users\jay-pc\JAVA MWF 5-00 to 6-00\HibernateCore\src\test\resources
2025-01-01 17:23:11,736 [Worker-51: Building] INFO  o.a.m.s.f.DefaultMavenResourcesFiltering - skip non existing resourceDirectory C:\Users\jay-pc\JAVA MWF 5-00 to 6-00\HibernateCore\src\main\resources
2025-01-01 17:23:11,738 [Worker-51: Building] INFO  o.a.m.s.f.DefaultMavenResourcesFiltering - skip non existing resourceDirectory C:\Users\jay-pc\JAVA MWF 5-00 to 6-00\HibernateCore\src\test\resources
2025-01-01 17:26:22,619 [Worker-60: Building] INFO  o.a.m.s.f.DefaultMavenResourcesFiltering - skip non existing resourceDirectory C:\Users\jay-pc\JAVA MWF 5-00 to 6-00\HibernateCore\src\main\resources
2025-01-01 17:26:22,622 [Worker-60: Building] INFO  o.a.m.s.f.DefaultMavenResourcesFiltering - skip non existing resourceDirectory C:\Users\jay-pc\JAVA MWF 5-00 to 6-00\HibernateCore\src\test\resources
2025-01-01 17:26:34,005 [Worker-58: Building] INFO  o.a.m.s.f.DefaultMavenResourcesFiltering - skip non existing resourceDirectory C:\Users\jay-pc\JAVA MWF 5-00 to 6-00\HibernateCore\src\main\resources
2025-01-01 17:26:34,007 [Worker-58: Building] INFO  o.a.m.s.f.DefaultMavenResourcesFiltering - skip non existing resourceDirectory C:\Users\jay-pc\JAVA MWF 5-00 to 6-00\HibernateCore\src\test\resources
2025-01-01 17:27:06,945 [Worker-63: Building] INFO  o.a.m.s.f.DefaultMavenResourcesFiltering - skip non existing resourceDirectory C:\Users\jay-pc\JAVA MWF 5-00 to 6-00\HibernateCore\src\main\resources
2025-01-01 17:27:06,948 [Worker-63: Building] INFO  o.a.m.s.f.DefaultMavenResourcesFiltering - skip non existing resourceDirectory C:\Users\jay-pc\JAVA MWF 5-00 to 6-00\HibernateCore\src\test\resources
2025-01-01 17:27:27,265 [Worker-58: Building] INFO  o.a.m.s.f.DefaultMavenResourcesFiltering - skip non existing resourceDirectory C:\Users\jay-pc\JAVA MWF 5-00 to 6-00\HibernateCore\src\main\resources
2025-01-01 17:27:27,266 [Worker-58: Building] INFO  o.a.m.s.f.DefaultMavenResourcesFiltering - skip non existing resourceDirectory C:\Users\jay-pc\JAVA MWF 5-00 to 6-00\HibernateCore\src\test\resources
2025-01-01 17:27:52,024 [Worker-63: Building] INFO  o.a.m.s.f.DefaultMavenResourcesFiltering - skip non existing resourceDirectory C:\Users\jay-pc\JAVA MWF 5-00 to 6-00\HibernateCore\src\main\resources
2025-01-01 17:27:52,026 [Worker-63: Building] INFO  o.a.m.s.f.DefaultMavenResourcesFiltering - skip non existing resourceDirectory C:\Users\jay-pc\JAVA MWF 5-00 to 6-00\HibernateCore\src\test\resources
2025-01-01 17:28:35,357 [Worker-66: Building] INFO  o.a.m.s.f.DefaultMavenResourcesFiltering - skip non existing resourceDirectory C:\Users\jay-pc\JAVA MWF 5-00 to 6-00\HibernateCore\src\main\resources
2025-01-01 17:28:35,360 [Worker-66: Building] INFO  o.a.m.s.f.DefaultMavenResourcesFiltering - skip non existing resourceDirectory C:\Users\jay-pc\JAVA MWF 5-00 to 6-00\HibernateCore\src\test\resources
2025-01-01 17:28:38,731 [Worker-65: Building] INFO  o.a.m.s.f.DefaultMavenResourcesFiltering - skip non existing resourceDirectory C:\Users\jay-pc\JAVA MWF 5-00 to 6-00\HibernateCore\src\main\resources
2025-01-01 17:28:38,733 [Worker-65: Building] INFO  o.a.m.s.f.DefaultMavenResourcesFiltering - skip non existing resourceDirectory C:\Users\jay-pc\JAVA MWF 5-00 to 6-00\HibernateCore\src\test\resources
2025-01-01 17:28:46,459 [Worker-58: Building] INFO  o.a.m.s.f.DefaultMavenResourcesFiltering - skip non existing resourceDirectory C:\Users\jay-pc\JAVA MWF 5-00 to 6-00\HibernateCore\src\main\resources
2025-01-01 17:28:46,461 [Worker-58: Building] INFO  o.a.m.s.f.DefaultMavenResourcesFiltering - skip non existing resourceDirectory C:\Users\jay-pc\JAVA MWF 5-00 to 6-00\HibernateCore\src\test\resources
2025-01-01 17:31:10,302 [Worker-71: Building] INFO  o.a.m.s.f.DefaultMavenResourcesFiltering - skip non existing resourceDirectory C:\Users\jay-pc\JAVA MWF 5-00 to 6-00\HibernateCore\src\main\resources
2025-01-01 17:31:10,304 [Worker-71: Building] INFO  o.a.m.s.f.DefaultMavenResourcesFiltering - skip non existing resourceDirectory C:\Users\jay-pc\JAVA MWF 5-00 to 6-00\HibernateCore\src\test\resources
2025-01-01 17:31:11,540 [Worker-69: Building] INFO  o.a.m.s.f.DefaultMavenResourcesFiltering - skip non existing resourceDirectory C:\Users\jay-pc\JAVA MWF 5-00 to 6-00\HibernateCore\src\main\resources
2025-01-01 17:31:11,542 [Worker-69: Building] INFO  o.a.m.s.f.DefaultMavenResourcesFiltering - skip non existing resourceDirectory C:\Users\jay-pc\JAVA MWF 5-00 to 6-00\HibernateCore\src\test\resources
2025-01-01 17:33:46,031 [Worker-74: Building] INFO  o.a.m.s.f.DefaultMavenResourcesFiltering - skip non existing resourceDirectory C:\Users\jay-pc\JAVA MWF 5-00 to 6-00\HibernateCore\src\main\resources
2025-01-01 17:33:46,035 [Worker-74: Building] INFO  o.a.m.s.f.DefaultMavenResourcesFiltering - skip non existing resourceDirectory C:\Users\jay-pc\JAVA MWF 5-00 to 6-00\HibernateCore\src\test\resources
2025-01-01 17:34:19,769 [Worker-74: Building] INFO  o.a.m.s.f.DefaultMavenResourcesFiltering - skip non existing resourceDirectory C:\Users\jay-pc\JAVA MWF 5-00 to 6-00\HibernateCore\src\main\resources
2025-01-01 17:34:19,771 [Worker-74: Building] INFO  o.a.m.s.f.DefaultMavenResourcesFiltering - skip non existing resourceDirectory C:\Users\jay-pc\JAVA MWF 5-00 to 6-00\HibernateCore\src\test\resources
2025-01-01 17:34:41,461 [Worker-73: Building] INFO  o.a.m.s.f.DefaultMavenResourcesFiltering - skip non existing resourceDirectory C:\Users\jay-pc\JAVA MWF 5-00 to 6-00\HibernateCore\src\main\resources
2025-01-01 17:34:41,463 [Worker-73: Building] INFO  o.a.m.s.f.DefaultMavenResourcesFiltering - skip non existing resourceDirectory C:\Users\jay-pc\JAVA MWF 5-00 to 6-00\HibernateCore\src\test\resources
2025-01-01 17:34:45,692 [Worker-74: Building] INFO  o.a.m.s.f.DefaultMavenResourcesFiltering - skip non existing resourceDirectory C:\Users\jay-pc\JAVA MWF 5-00 to 6-00\HibernateCore\src\main\resources
2025-01-01 17:34:45,697 [Worker-74: Building] INFO  o.a.m.s.f.DefaultMavenResourcesFiltering - skip non existing resourceDirectory C:\Users\jay-pc\JAVA MWF 5-00 to 6-00\HibernateCore\src\test\resources
2025-01-01 17:35:09,284 [Worker-63: Building] INFO  o.a.m.s.f.DefaultMavenResourcesFiltering - skip non existing resourceDirectory C:\Users\jay-pc\JAVA MWF 5-00 to 6-00\HibernateCore\src\main\resources
2025-01-01 17:35:09,286 [Worker-63: Building] INFO  o.a.m.s.f.DefaultMavenResourcesFiltering - skip non existing resourceDirectory C:\Users\jay-pc\JAVA MWF 5-00 to 6-00\HibernateCore\src\test\resources
2025-01-01 17:35:28,477 [Worker-74: Building] INFO  o.a.m.s.f.DefaultMavenResourcesFiltering - skip non existing resourceDirectory C:\Users\jay-pc\JAVA MWF 5-00 to 6-00\HibernateCore\src\main\resources
2025-01-01 17:35:28,480 [Worker-74: Building] INFO  o.a.m.s.f.DefaultMavenResourcesFiltering - skip non existing resourceDirectory C:\Users\jay-pc\JAVA MWF 5-00 to 6-00\HibernateCore\src\test\resources
2025-01-01 17:35:39,085 [Worker-72: Building] INFO  o.a.m.s.f.DefaultMavenResourcesFiltering - skip non existing resourceDirectory C:\Users\jay-pc\JAVA MWF 5-00 to 6-00\HibernateCore\src\main\resources
2025-01-01 17:35:39,087 [Worker-72: Building] INFO  o.a.m.s.f.DefaultMavenResourcesFiltering - skip non existing resourceDirectory C:\Users\jay-pc\JAVA MWF 5-00 to 6-00\HibernateCore\src\test\resources
2025-01-01 17:35:53,579 [Worker-72: Building] INFO  o.a.m.s.f.DefaultMavenResourcesFiltering - skip non existing resourceDirectory C:\Users\jay-pc\JAVA MWF 5-00 to 6-00\HibernateCore\src\main\resources
2025-01-01 17:35:53,581 [Worker-72: Building] INFO  o.a.m.s.f.DefaultMavenResourcesFiltering - skip non existing resourceDirectory C:\Users\jay-pc\JAVA MWF 5-00 to 6-00\HibernateCore\src\test\resources
2025-01-01 17:36:07,965 [Worker-74: Building] INFO  o.a.m.s.f.DefaultMavenResourcesFiltering - skip non existing resourceDirectory C:\Users\jay-pc\JAVA MWF 5-00 to 6-00\HibernateCore\src\main\resources
2025-01-01 17:36:07,967 [Worker-74: Building] INFO  o.a.m.s.f.DefaultMavenResourcesFiltering - skip non existing resourceDirectory C:\Users\jay-pc\JAVA MWF 5-00 to 6-00\HibernateCore\src\test\resources
2025-01-01 17:36:09,995 [Worker-60: Building] INFO  o.a.m.s.f.DefaultMavenResourcesFiltering - skip non existing resourceDirectory C:\Users\jay-pc\JAVA MWF 5-00 to 6-00\HibernateCore\src\main\resources
2025-01-01 17:36:09,997 [Worker-60: Building] INFO  o.a.m.s.f.DefaultMavenResourcesFiltering - skip non existing resourceDirectory C:\Users\jay-pc\JAVA MWF 5-00 to 6-00\HibernateCore\src\test\resources
2025-01-01 17:36:11,321 [Worker-60: Building] INFO  o.a.m.s.f.DefaultMavenResourcesFiltering - skip non existing resourceDirectory C:\Users\jay-pc\JAVA MWF 5-00 to 6-00\HibernateCore\src\main\resources
2025-01-01 17:36:11,323 [Worker-60: Building] INFO  o.a.m.s.f.DefaultMavenResourcesFiltering - skip non existing resourceDirectory C:\Users\jay-pc\JAVA MWF 5-00 to 6-00\HibernateCore\src\test\resources
2025-01-01 17:36:23,889 [Worker-60: Building] INFO  o.a.m.s.f.DefaultMavenResourcesFiltering - skip non existing resourceDirectory C:\Users\jay-pc\JAVA MWF 5-00 to 6-00\HibernateCore\src\main\resources
2025-01-01 17:36:23,891 [Worker-60: Building] INFO  o.a.m.s.f.DefaultMavenResourcesFiltering - skip non existing resourceDirectory C:\Users\jay-pc\JAVA MWF 5-00 to 6-00\HibernateCore\src\test\resources
2025-01-01 17:37:36,678 [Worker-63: Building] INFO  o.a.m.s.f.DefaultMavenResourcesFiltering - skip non existing resourceDirectory C:\Users\jay-pc\JAVA MWF 5-00 to 6-00\HibernateCore\src\main\resources
2025-01-01 17:37:36,679 [Worker-63: Building] INFO  o.a.m.s.f.DefaultMavenResourcesFiltering - skip non existing resourceDirectory C:\Users\jay-pc\JAVA MWF 5-00 to 6-00\HibernateCore\src\test\resources
2025-01-01 17:37:41,015 [Worker-60: Building] INFO  o.a.m.s.f.DefaultMavenResourcesFiltering - skip non existing resourceDirectory C:\Users\jay-pc\JAVA MWF 5-00 to 6-00\HibernateCore\src\main\resources
2025-01-01 17:37:41,017 [Worker-60: Building] INFO  o.a.m.s.f.DefaultMavenResourcesFiltering - skip non existing resourceDirectory C:\Users\jay-pc\JAVA MWF 5-00 to 6-00\HibernateCore\src\test\resources
2025-01-01 17:38:01,355 [Worker-63: Building] INFO  o.a.m.s.f.DefaultMavenResourcesFiltering - skip non existing resourceDirectory C:\Users\jay-pc\JAVA MWF 5-00 to 6-00\HibernateCore\src\main\resources
2025-01-01 17:38:01,357 [Worker-63: Building] INFO  o.a.m.s.f.DefaultMavenResourcesFiltering - skip non existing resourceDirectory C:\Users\jay-pc\JAVA MWF 5-00 to 6-00\HibernateCore\src\test\resources
2025-01-01 17:38:16,800 [Worker-75: Building] INFO  o.a.m.s.f.DefaultMavenResourcesFiltering - skip non existing resourceDirectory C:\Users\jay-pc\JAVA MWF 5-00 to 6-00\HibernateCore\src\main\resources
2025-01-01 17:38:16,802 [Worker-75: Building] INFO  o.a.m.s.f.DefaultMavenResourcesFiltering - skip non existing resourceDirectory C:\Users\jay-pc\JAVA MWF 5-00 to 6-00\HibernateCore\src\test\resources
2025-01-01 17:38:19,397 [Worker-74: Building] INFO  o.a.m.s.f.DefaultMavenResourcesFiltering - skip non existing resourceDirectory C:\Users\jay-pc\JAVA MWF 5-00 to 6-00\HibernateCore\src\main\resources
2025-01-01 17:38:19,398 [Worker-74: Building] INFO  o.a.m.s.f.DefaultMavenResourcesFiltering - skip non existing resourceDirectory C:\Users\jay-pc\JAVA MWF 5-00 to 6-00\HibernateCore\src\test\resources
2025-01-01 17:41:19,096 [Worker-63: Building] INFO  o.a.m.s.f.DefaultMavenResourcesFiltering - skip non existing resourceDirectory C:\Users\jay-pc\JAVA MWF 5-00 to 6-00\HibernateCore\src\main\resources
2025-01-01 17:41:19,098 [Worker-63: Building] INFO  o.a.m.s.f.DefaultMavenResourcesFiltering - skip non existing resourceDirectory C:\Users\jay-pc\JAVA MWF 5-00 to 6-00\HibernateCore\src\test\resources
2025-01-01 17:41:47,041 [Worker-77: Building] INFO  o.a.m.s.f.DefaultMavenResourcesFiltering - skip non existing resourceDirectory C:\Users\jay-pc\JAVA MWF 5-00 to 6-00\HibernateCore\src\main\resources
2025-01-01 17:41:47,042 [Worker-77: Building] INFO  o.a.m.s.f.DefaultMavenResourcesFiltering - skip non existing resourceDirectory C:\Users\jay-pc\JAVA MWF 5-00 to 6-00\HibernateCore\src\test\resources
